<?xml version="1.0" encoding="UTF-8"?>
<testng-results skipped="0" failed="0" ignored="1" total="2" passed="1">
  <reporter-output>
    <line>
      <![CDATA[<div style="display:block;margin-left:10px;"><div  class="teststeppass"><span class="teststeppass-label">T </span>Given user launches application</div><div style="display:block;margin-left:10px;"><div  class="teststeppass"><span class="teststeppass-label">T </span>user launches application</div></div><div  class="teststeppass"><span class="teststeppass-label">T </span>And login to the application with 'mmt1@mailinator.com' and '@H$hackathon2'</div><div style="display:block;margin-left:10px;"><div  class="teststeppass"><span class="teststeppass-label">T </span>click on 'login.btn.email.clear'</div><div  class="teststeppass"><span class="teststeppass-label">T </span>sendKeys 'mmt1@mailinator.com' into 'login.input.email'</div><div  class="teststeppass"><span class="teststeppass-label">T </span>click on 'login.btn.continue'</div><div  class="teststeppass"><span class="teststeppass-label">T </span>click on 'login.btn.via.password'</div><div  class="teststeppass"><span class="teststeppass-label">T </span>sendKeys '@H$hackathon2' into {loc}</div><div  class="teststeppass"><span class="teststeppass-label">T </span>click on 'login.btn.submit'</div></div><div  class="teststeppass"><span class="teststeppass-label">T </span>Then verify user should logged into the application</div><div style="display:block;margin-left:10px;"><div  class="teststeppass"><span class="teststeppass-label">T </span>assert 'home.icon.profile' is present</div><div style="display:block;margin-left:10px;"><div  class="pass"><span class="pass-label">P </span>Expected By.id: profile present : Actual By.id: profile present <a href="../img/HotelBookingFromMakeMyTripApplication_1k41hwfwweuqo6986.png" target="_blank">[View Screenshot]</a> </div></div></div><div  class="teststeppass"><span class="teststeppass-label">T </span>When user navigates to the 'Hotels'</div><div  class="teststeppass"><span class="teststeppass-label">T </span>And select a location 'Udaipur'</div><div style="display:block;margin-left:10px;"><div  class="teststeppass"><span class="teststeppass-label">T </span>click on 'hotel.search.link.city'</div><div  class="teststeppass"><span class="teststeppass-label">T </span>sendKeys 'Udaipur' into 'hotel.search.input.city'</div></div><div  class="teststeppass"><span class="teststeppass-label">T </span>And select a '2 June 2020' and '5 June 2020' dates</div><div  class="teststeppass"><span class="teststeppass-label">T </span>And add '2' rooms for '2' adults & '2' children each</div><div style="display:block;margin-left:10px;"><div  class="teststeppass"><span class="teststeppass-label">T </span>click on 'hotel.search.layout.rooms'</div><div  class="teststeppass"><span class="teststeppass-label">T </span>click on 'hotel.search.btn.children.add'</div><div  class="teststeppass"><span class="teststeppass-label">T </span>click on 'hotel.search.btn.children.add'</div><div  class="teststeppass"><span class="teststeppass-label">T </span>click on 'hotel.search.btn.adults.add'</div><div  class="teststeppass"><span class="teststeppass-label">T </span>click on 'hotel.search.btn.children.add'</div><div  class="teststeppass"><span class="teststeppass-label">T </span>click on 'hotel.search.btn.children.add'</div><div  class="teststeppass"><span class="teststeppass-label">T </span>click on 'hotel.search.btn.guests.done'</div></div><div  class="teststeppass"><span class="teststeppass-label">T </span>And select travelling for 'Family'</div><div  class="teststeppass"><span class="teststeppass-label">T </span>And search for the options</div><div style="display:block;margin-left:10px;"><div  class="teststeppass"><span class="teststeppass-label">T </span>click on 'hotel.search.btn.submit'</div></div><div  class="teststeppass"><span class="teststeppass-label">T </span>When user navigates to Sort and Filter page</div><div style="display:block;margin-left:10px;"><div  class="teststeppass"><span class="teststeppass-label">T </span>click on 'home.sortfilter.menu'</div></div><div  class="teststeppass"><span class="teststeppass-label">T </span>When user filters by price by setting '1000' value</div><div  class="teststeppass"><span class="teststeppass-label">T </span>And apply filter by user rating '4.0 & Above'</div><div  class="teststeppass"><span class="teststeppass-label">T </span>Then user applys filter</div><div style="display:block;margin-left:10px;"><div  class="teststeppass"><span class="teststeppass-label">T </span>click on 'hotel.search.btn.filter.apply'</div></div><div  class="teststeppass"><span class="teststeppass-label">T </span>When user scroll and select the '5' item from filter result page</div><div style="display:block;margin-left:10px;"><div  class="teststeppass"><span class="teststeppass-label">T </span>wait until 'hotel.list' to be present</div><div  class="teststeppass"><span class="teststeppass-label">T </span>get text of 'hotel.item.name'</div><div  class="teststeppass"><span class="teststeppass-label">T </span>get text of 'hotel.item.name'</div><div  class="teststeppass"><span class="teststeppass-label">T </span>get text of 'hotel.item.name'</div><div  class="teststeppass"><span class="teststeppass-label">T </span>get text of 'hotel.item.name'</div><div  class="teststeppass"><span class="teststeppass-label">T </span>get text of 'hotel.item.name'</div><div  class="teststeppass"><span class="teststeppass-label">T </span>get text of 'hotel.item.name'</div><div  class="teststeppass"><span class="teststeppass-label">T </span>click on 'hotel.item.name'</div></div><div  class="teststeppass"><span class="teststeppass-label">T </span>And capture the room details and click SELECT ROOM options</div><div style="display:block;margin-left:10px;"><div  class="teststeppass"><span class="teststeppass-label">T </span>get text of 'hotel.detail.txt.title'</div><div  class="teststeppass"><span class="teststeppass-label">T </span>wait until 'hotel.detail.btn.selectroom' to be visible</div><div  class="teststeppass"><span class="teststeppass-label">T </span>click on 'hotel.detail.btn.selectroom'</div><div  class="teststeppass"><span class="teststeppass-label">T </span>get text of 'hotel.room.category.detail.txt.name'</div><div  class="teststeppass"><span class="teststeppass-label">T </span>get text of 'hotel.room.category.detail.txt.discountedprice'</div><div  class="teststeppass"><span class="teststeppass-label">T </span>get text of 'hotel.room.category.detail.txt.originalprice'</div><div  class="teststeppass"><span class="teststeppass-label">T </span>click on 'hotel.detail.btn.continue'</div></div><div  class="teststeppass"><span class="teststeppass-label">T </span>And user fills traveller information</div><div style="display:block;margin-left:10px;"><div  class="teststeppass"><span class="teststeppass-label">T </span>click on 'guest.select.title'</div><div  class="teststeppass"><span class="teststeppass-label">T </span>sendKeys 'Nishith' into 'guest.input.first.name'</div><div  class="teststeppass"><span class="teststeppass-label">T </span>sendKeys 'Shah' into 'guest.input.last.name'</div><div  class="teststeppass"><span class="teststeppass-label">T </span>sendKeys '7069936462' into 'guest.input.mobile.no'</div></div><div  class="teststeppass"><span class="teststeppass-label">T </span>And selects two options from commonly requested option</div><div style="display:block;margin-left:10px;"><div  class="teststeppass"><span class="teststeppass-label">T </span>click on 'guest.btn.special.request.done'</div></div><div  class="teststeppass"><span class="teststeppass-label">T </span>And uncheck the donation checkbox</div><div  class="teststeppass"><span class="teststeppass-label">T </span>And click on PAY NOW option</div><div style="display:block;margin-left:10px;"><div  class="teststeppass"><span class="teststeppass-label">T </span>click on 'booking.btn.continue'</div></div><div  class="teststeppass"><span class="teststeppass-label">T </span>Then verify user should see booking summary page with correct requested data</div><div style="display:block;margin-left:10px;"><div  class="pass"><span class="pass-label">P </span>Expected By.id: tvHotelNameOnThankYouPage text should be ContainsIgnoringCase:Hotel Castle Comfort by Castle Hotels : Actual By.id: tvHotelNameOnThankYouPage text is Hotel Castle Comfort by Castle Hotels <a href="../img/HotelBookingFromMakeMyTripApplication_f6sb7sas9saj6987.png" target="_blank">[View Screenshot]</a> </div><div  class="pass"><span class="pass-label">P </span>Expected By.id: tvHotelAddressOnThankYouPage text should be ContainsIgnoringCase:Udaipur : Actual By.id: tvHotelAddressOnThankYouPage text is Udaipur, Rajasthan , India <a href="../img/HotelBookingFromMakeMyTripApplication_2g3ygvfj1z4u6988.png" target="_blank">[View Screenshot]</a> </div><div  class="teststeppass"><span class="teststeppass-label">T </span>click on 'booking.review.btn.expand.details'</div><div  class="pass"><span class="pass-label">P </span>Expected By.id: tvNumOfGuestOnThankYouPage text should be ContainsIgnoringCase:8 : Actual By.id: tvNumOfGuestOnThankYouPage text is 8 Guests <a href="../img/HotelBookingFromMakeMyTripApplication_msfwbac7zp066989.png" target="_blank">[View Screenshot]</a> </div><div  class="pass"><span class="pass-label">P </span>Expected By.id: tvTotalRoomsBookedOnThankYouPage text should be ContainsIgnoringCase:2 : Actual By.id: tvTotalRoomsBookedOnThankYouPage text is 2 Rooms <a href="../img/HotelBookingFromMakeMyTripApplication_2t6nvk90a2pg6990.png" target="_blank">[View Screenshot]</a> </div><div  class="pass"><span class="pass-label">P </span>Expected By.id: tvCheckInDateOnThankYouPage text should be ContainsIgnoringCase:31 : Actual By.id: tvCheckInDateOnThankYouPage text is 31 MAY, SUN <a href="../img/HotelBookingFromMakeMyTripApplication_856z9qsnx3x46991.png" target="_blank">[View Screenshot]</a> </div><div  class="pass"><span class="pass-label">P </span>Expected By.id: tvCheckOutDateOnThankYouPage text should be ContainsIgnoringCase:01 : Actual By.id: tvCheckOutDateOnThankYouPage text is 01 JUN, MON <a href="../img/HotelBookingFromMakeMyTripApplication_1s7oapbsgg99l6992.png" target="_blank">[View Screenshot]</a> </div></div></div>]]>
    </line>
  </reporter-output>
  <suite name="MakeMyTrip Suite" duration-ms="186673" started-at="2020-05-31T11:56:37Z" finished-at="2020-05-31T11:59:44Z">
    <groups>
    </groups>
    <test name="MakeMyTrip Test" duration-ms="186673" started-at="2020-05-31T11:56:37Z" finished-at="2020-05-31T11:59:44Z">
      <class name="com.qmetry.qaf.automation.step.client.DataDrivenScenario">
        <test-method status="PASS" signature="setupSuit(org.testng.ITestContext)[pri:0, instance:com.qmetry.qaf.automation.step.client.DataDrivenScenario@3e8]" test-instance-name="Hotel booking from Make My Trip Application" name="setupSuit" is-config="true" duration-ms="34" started-at="2020-05-31T17:26:37Z" finished-at="2020-05-31T17:26:37Z">
          <params>
            <param index="0">
              <value>
                <![CDATA[org.testng.TestRunner@527e5409]]>
              </value>
            </param>
          </params>
          <reporter-output>
          </reporter-output>
        </test-method> <!-- setupSuit -->
        <test-method status="PASS" signature="setupTest(org.testng.ITestContext)[pri:0, instance:com.qmetry.qaf.automation.step.client.DataDrivenScenario@3e8]" test-instance-name="Hotel booking from Make My Trip Application" name="setupTest" is-config="true" duration-ms="2" started-at="2020-05-31T17:26:37Z" finished-at="2020-05-31T17:26:37Z">
          <params>
            <param index="0">
              <value>
                <![CDATA[org.testng.TestRunner@527e5409]]>
              </value>
            </param>
          </params>
          <reporter-output>
          </reporter-output>
        </test-method> <!-- setupTest -->
        <test-method status="PASS" signature="setup(org.testng.ITestContext)[pri:0, instance:com.qmetry.qaf.automation.step.client.DataDrivenScenario@3e8]" test-instance-name="Hotel booking from Make My Trip Application" name="setup" is-config="true" duration-ms="0" started-at="2020-05-31T17:26:37Z" finished-at="2020-05-31T17:26:37Z">
          <params>
            <param index="0">
              <value>
                <![CDATA[org.testng.TestRunner@527e5409]]>
              </value>
            </param>
          </params>
          <reporter-output>
          </reporter-output>
        </test-method> <!-- setup -->
        <test-method status="PASS" signature="setupMethod(java.lang.reflect.Method, org.testng.ITestContext)[pri:0, instance:com.qmetry.qaf.automation.step.client.DataDrivenScenario@3e8]" test-instance-name="Hotel booking from Make My Trip Application" name="setupMethod" is-config="true" duration-ms="2" started-at="2020-05-31T17:26:37Z" finished-at="2020-05-31T17:26:37Z">
          <params>
            <param index="0">
              <value>
                <![CDATA[public void com.qmetry.qaf.automation.step.client.DataDrivenScenario.scenario(java.util.Map)]]>
              </value>
            </param>
            <param index="1">
              <value>
                <![CDATA[org.testng.TestRunner@527e5409]]>
              </value>
            </param>
          </params>
          <reporter-output>
          </reporter-output>
        </test-method> <!-- setupMethod -->
        <test-method status="PASS" signature="Hotel booking from Make My Trip Application( java.util.Map)[pri:1000, instance:com.qmetry.qaf.automation.step.client.DataDrivenScenario@3e8]" test-instance-name="Hotel booking from Make My Trip Application" name="Hotel booking from Make My Trip Application" duration-ms="185824" started-at="2020-05-31T17:26:37Z" finished-at="2020-05-31T17:29:43Z">
          <params>
            <param index="0">
              <value>
                <![CDATA[{username=mmt1@mailinator.com, password=@H$hackathon2, menu=Hotels, location=Udaipur, checkin=2 June 2020, checkout=5 June 2020, rooms=2, adults=2, children=2, tripType=Family, entry=5, minimum=1000, rating=4.0 & Above, guest.primary.title=Mr, guest.primary.firstName=Nishith, guest.primary.lastName=Shah, guest.primary.mobile=7069936462, __index=1}]]>
              </value>
            </param>
          </params>
          <reporter-output>
            <line>
              <![CDATA[<div style="display:block;margin-left:10px;"><div  class="teststeppass"><span class="teststeppass-label">T </span>Given user launches application</div><div style="display:block;margin-left:10px;"><div  class="teststeppass"><span class="teststeppass-label">T </span>user launches application</div></div><div  class="teststeppass"><span class="teststeppass-label">T </span>And login to the application with 'mmt1@mailinator.com' and '@H$hackathon2'</div><div style="display:block;margin-left:10px;"><div  class="teststeppass"><span class="teststeppass-label">T </span>click on 'login.btn.email.clear'</div><div  class="teststeppass"><span class="teststeppass-label">T </span>sendKeys 'mmt1@mailinator.com' into 'login.input.email'</div><div  class="teststeppass"><span class="teststeppass-label">T </span>click on 'login.btn.continue'</div><div  class="teststeppass"><span class="teststeppass-label">T </span>click on 'login.btn.via.password'</div><div  class="teststeppass"><span class="teststeppass-label">T </span>sendKeys '@H$hackathon2' into {loc}</div><div  class="teststeppass"><span class="teststeppass-label">T </span>click on 'login.btn.submit'</div></div><div  class="teststeppass"><span class="teststeppass-label">T </span>Then verify user should logged into the application</div><div style="display:block;margin-left:10px;"><div  class="teststeppass"><span class="teststeppass-label">T </span>assert 'home.icon.profile' is present</div><div style="display:block;margin-left:10px;"><div  class="pass"><span class="pass-label">P </span>Expected By.id: profile present : Actual By.id: profile present <a href="../img/HotelBookingFromMakeMyTripApplication_1k41hwfwweuqo6986.png" target="_blank">[View Screenshot]</a> </div></div></div><div  class="teststeppass"><span class="teststeppass-label">T </span>When user navigates to the 'Hotels'</div><div  class="teststeppass"><span class="teststeppass-label">T </span>And select a location 'Udaipur'</div><div style="display:block;margin-left:10px;"><div  class="teststeppass"><span class="teststeppass-label">T </span>click on 'hotel.search.link.city'</div><div  class="teststeppass"><span class="teststeppass-label">T </span>sendKeys 'Udaipur' into 'hotel.search.input.city'</div></div><div  class="teststeppass"><span class="teststeppass-label">T </span>And select a '2 June 2020' and '5 June 2020' dates</div><div  class="teststeppass"><span class="teststeppass-label">T </span>And add '2' rooms for '2' adults & '2' children each</div><div style="display:block;margin-left:10px;"><div  class="teststeppass"><span class="teststeppass-label">T </span>click on 'hotel.search.layout.rooms'</div><div  class="teststeppass"><span class="teststeppass-label">T </span>click on 'hotel.search.btn.children.add'</div><div  class="teststeppass"><span class="teststeppass-label">T </span>click on 'hotel.search.btn.children.add'</div><div  class="teststeppass"><span class="teststeppass-label">T </span>click on 'hotel.search.btn.adults.add'</div><div  class="teststeppass"><span class="teststeppass-label">T </span>click on 'hotel.search.btn.children.add'</div><div  class="teststeppass"><span class="teststeppass-label">T </span>click on 'hotel.search.btn.children.add'</div><div  class="teststeppass"><span class="teststeppass-label">T </span>click on 'hotel.search.btn.guests.done'</div></div><div  class="teststeppass"><span class="teststeppass-label">T </span>And select travelling for 'Family'</div><div  class="teststeppass"><span class="teststeppass-label">T </span>And search for the options</div><div style="display:block;margin-left:10px;"><div  class="teststeppass"><span class="teststeppass-label">T </span>click on 'hotel.search.btn.submit'</div></div><div  class="teststeppass"><span class="teststeppass-label">T </span>When user navigates to Sort and Filter page</div><div style="display:block;margin-left:10px;"><div  class="teststeppass"><span class="teststeppass-label">T </span>click on 'home.sortfilter.menu'</div></div><div  class="teststeppass"><span class="teststeppass-label">T </span>When user filters by price by setting '1000' value</div><div  class="teststeppass"><span class="teststeppass-label">T </span>And apply filter by user rating '4.0 & Above'</div><div  class="teststeppass"><span class="teststeppass-label">T </span>Then user applys filter</div><div style="display:block;margin-left:10px;"><div  class="teststeppass"><span class="teststeppass-label">T </span>click on 'hotel.search.btn.filter.apply'</div></div><div  class="teststeppass"><span class="teststeppass-label">T </span>When user scroll and select the '5' item from filter result page</div><div style="display:block;margin-left:10px;"><div  class="teststeppass"><span class="teststeppass-label">T </span>wait until 'hotel.list' to be present</div><div  class="teststeppass"><span class="teststeppass-label">T </span>get text of 'hotel.item.name'</div><div  class="teststeppass"><span class="teststeppass-label">T </span>get text of 'hotel.item.name'</div><div  class="teststeppass"><span class="teststeppass-label">T </span>get text of 'hotel.item.name'</div><div  class="teststeppass"><span class="teststeppass-label">T </span>get text of 'hotel.item.name'</div><div  class="teststeppass"><span class="teststeppass-label">T </span>get text of 'hotel.item.name'</div><div  class="teststeppass"><span class="teststeppass-label">T </span>get text of 'hotel.item.name'</div><div  class="teststeppass"><span class="teststeppass-label">T </span>click on 'hotel.item.name'</div></div><div  class="teststeppass"><span class="teststeppass-label">T </span>And capture the room details and click SELECT ROOM options</div><div style="display:block;margin-left:10px;"><div  class="teststeppass"><span class="teststeppass-label">T </span>get text of 'hotel.detail.txt.title'</div><div  class="teststeppass"><span class="teststeppass-label">T </span>wait until 'hotel.detail.btn.selectroom' to be visible</div><div  class="teststeppass"><span class="teststeppass-label">T </span>click on 'hotel.detail.btn.selectroom'</div><div  class="teststeppass"><span class="teststeppass-label">T </span>get text of 'hotel.room.category.detail.txt.name'</div><div  class="teststeppass"><span class="teststeppass-label">T </span>get text of 'hotel.room.category.detail.txt.discountedprice'</div><div  class="teststeppass"><span class="teststeppass-label">T </span>get text of 'hotel.room.category.detail.txt.originalprice'</div><div  class="teststeppass"><span class="teststeppass-label">T </span>click on 'hotel.detail.btn.continue'</div></div><div  class="teststeppass"><span class="teststeppass-label">T </span>And user fills traveller information</div><div style="display:block;margin-left:10px;"><div  class="teststeppass"><span class="teststeppass-label">T </span>click on 'guest.select.title'</div><div  class="teststeppass"><span class="teststeppass-label">T </span>sendKeys 'Nishith' into 'guest.input.first.name'</div><div  class="teststeppass"><span class="teststeppass-label">T </span>sendKeys 'Shah' into 'guest.input.last.name'</div><div  class="teststeppass"><span class="teststeppass-label">T </span>sendKeys '7069936462' into 'guest.input.mobile.no'</div></div><div  class="teststeppass"><span class="teststeppass-label">T </span>And selects two options from commonly requested option</div><div style="display:block;margin-left:10px;"><div  class="teststeppass"><span class="teststeppass-label">T </span>click on 'guest.btn.special.request.done'</div></div><div  class="teststeppass"><span class="teststeppass-label">T </span>And uncheck the donation checkbox</div><div  class="teststeppass"><span class="teststeppass-label">T </span>And click on PAY NOW option</div><div style="display:block;margin-left:10px;"><div  class="teststeppass"><span class="teststeppass-label">T </span>click on 'booking.btn.continue'</div></div><div  class="teststeppass"><span class="teststeppass-label">T </span>Then verify user should see booking summary page with correct requested data</div><div style="display:block;margin-left:10px;"><div  class="pass"><span class="pass-label">P </span>Expected By.id: tvHotelNameOnThankYouPage text should be ContainsIgnoringCase:Hotel Castle Comfort by Castle Hotels : Actual By.id: tvHotelNameOnThankYouPage text is Hotel Castle Comfort by Castle Hotels <a href="../img/HotelBookingFromMakeMyTripApplication_f6sb7sas9saj6987.png" target="_blank">[View Screenshot]</a> </div><div  class="pass"><span class="pass-label">P </span>Expected By.id: tvHotelAddressOnThankYouPage text should be ContainsIgnoringCase:Udaipur : Actual By.id: tvHotelAddressOnThankYouPage text is Udaipur, Rajasthan , India <a href="../img/HotelBookingFromMakeMyTripApplication_2g3ygvfj1z4u6988.png" target="_blank">[View Screenshot]</a> </div><div  class="teststeppass"><span class="teststeppass-label">T </span>click on 'booking.review.btn.expand.details'</div><div  class="pass"><span class="pass-label">P </span>Expected By.id: tvNumOfGuestOnThankYouPage text should be ContainsIgnoringCase:8 : Actual By.id: tvNumOfGuestOnThankYouPage text is 8 Guests <a href="../img/HotelBookingFromMakeMyTripApplication_msfwbac7zp066989.png" target="_blank">[View Screenshot]</a> </div><div  class="pass"><span class="pass-label">P </span>Expected By.id: tvTotalRoomsBookedOnThankYouPage text should be ContainsIgnoringCase:2 : Actual By.id: tvTotalRoomsBookedOnThankYouPage text is 2 Rooms <a href="../img/HotelBookingFromMakeMyTripApplication_2t6nvk90a2pg6990.png" target="_blank">[View Screenshot]</a> </div><div  class="pass"><span class="pass-label">P </span>Expected By.id: tvCheckInDateOnThankYouPage text should be ContainsIgnoringCase:31 : Actual By.id: tvCheckInDateOnThankYouPage text is 31 MAY, SUN <a href="../img/HotelBookingFromMakeMyTripApplication_856z9qsnx3x46991.png" target="_blank">[View Screenshot]</a> </div><div  class="pass"><span class="pass-label">P </span>Expected By.id: tvCheckOutDateOnThankYouPage text should be ContainsIgnoringCase:01 : Actual By.id: tvCheckOutDateOnThankYouPage text is 01 JUN, MON <a href="../img/HotelBookingFromMakeMyTripApplication_1s7oapbsgg99l6992.png" target="_blank">[View Screenshot]</a> </div></div></div>]]>
            </line>
          </reporter-output>
        </test-method> <!-- Hotel booking from Make My Trip Application -->
        <test-method status="PASS" signature="afterMethod(org.testng.ITestContext, org.testng.ITestResult)[pri:0, instance:com.qmetry.qaf.automation.step.client.DataDrivenScenario@3e8]" test-instance-name="Hotel booking from Make My Trip Application" name="afterMethod" is-config="true" duration-ms="0" started-at="2020-05-31T17:29:43Z" finished-at="2020-05-31T17:29:43Z">
          <params>
            <param index="0">
              <value>
                <![CDATA[org.testng.TestRunner@527e5409]]>
              </value>
            </param>
            <param index="1">
              <value>
                <![CDATA[[TestResult name=Hotel booking from Make My Trip Application status=SUCCESS method=scenarios.booking.feature.Hotel booking from Make My Trip Application( java.util.Map)[pri:1000, instance:com.qmetry.qaf.automation.step.client.DataDrivenScenario@3e8] output=<div style="display:block;margin-left:10px;"><div  class="teststeppass"><span class="teststeppass-label">T </span>Given user launches application</div><div style="display:block;margin-left:10px;"><div  class="teststeppass"><span class="teststeppass-label">T </span>user launches application</div></div><div  class="teststeppass"><span class="teststeppass-label">T </span>And login to the application with 'mmt1@mailinator.com' and '@H$hackathon2'</div><div style="display:block;margin-left:10px;"><div  class="teststeppass"><span class="teststeppass-label">T </span>click on 'login.btn.email.clear'</div><div  class="teststeppass"><span class="teststeppass-label">T </span>sendKeys 'mmt1@mailinator.com' into 'login.input.email'</div><div  class="teststeppass"><span class="teststeppass-label">T </span>click on 'login.btn.continue'</div><div  class="teststeppass"><span class="teststeppass-label">T </span>click on 'login.btn.via.password'</div><div  class="teststeppass"><span class="teststeppass-label">T </span>sendKeys '@H$hackathon2' into {loc}</div><div  class="teststeppass"><span class="teststeppass-label">T </span>click on 'login.btn.submit'</div></div><div  class="teststeppass"><span class="teststeppass-label">T </span>Then verify user should logged into the application</div><div style="display:block;margin-left:10px;"><div  class="teststeppass"><span class="teststeppass-label">T </span>assert 'home.icon.profile' is present</div><div style="display:block;margin-left:10px;"><div  class="pass"><span class="pass-label">P </span>Expected By.id: profile present : Actual By.id: profile present <a href="../img/HotelBookingFromMakeMyTripApplication_1k41hwfwweuqo6986.png" target="_blank">[View Screenshot]</a> </div></div></div><div  class="teststeppass"><span class="teststeppass-label">T </span>When user navigates to the 'Hotels'</div><div  class="teststeppass"><span class="teststeppass-label">T </span>And select a location 'Udaipur'</div><div style="display:block;margin-left:10px;"><div  class="teststeppass"><span class="teststeppass-label">T </span>click on 'hotel.search.link.city'</div><div  class="teststeppass"><span class="teststeppass-label">T </span>sendKeys 'Udaipur' into 'hotel.search.input.city'</div></div><div  class="teststeppass"><span class="teststeppass-label">T </span>And select a '2 June 2020' and '5 June 2020' dates</div><div  class="teststeppass"><span class="teststeppass-label">T </span>And add '2' rooms for '2' adults & '2' children each</div><div style="display:block;margin-left:10px;"><div  class="teststeppass"><span class="teststeppass-label">T </span>click on 'hotel.search.layout.rooms'</div><div  class="teststeppass"><span class="teststeppass-label">T </span>click on 'hotel.search.btn.children.add'</div><div  class="teststeppass"><span class="teststeppass-label">T </span>click on 'hotel.search.btn.children.add'</div><div  class="teststeppass"><span class="teststeppass-label">T </span>click on 'hotel.search.btn.adults.add'</div><div  class="teststeppass"><span class="teststeppass-label">T </span>click on 'hotel.search.btn.children.add'</div><div  class="teststeppass"><span class="teststeppass-label">T </span>click on 'hotel.search.btn.children.add'</div><div  class="teststeppass"><span class="teststeppass-label">T </span>click on 'hotel.search.btn.guests.done'</div></div><div  class="teststeppass"><span class="teststeppass-label">T </span>And select travelling for 'Family'</div><div  class="teststeppass"><span class="teststeppass-label">T </span>And search for the options</div><div style="display:block;margin-left:10px;"><div  class="teststeppass"><span class="teststeppass-label">T </span>click on 'hotel.search.btn.submit'</div></div><div  class="teststeppass"><span class="teststeppass-label">T </span>When user navigates to Sort and Filter page</div><div style="display:block;margin-left:10px;"><div  class="teststeppass"><span class="teststeppass-label">T </span>click on 'home.sortfilter.menu'</div></div><div  class="teststeppass"><span class="teststeppass-label">T </span>When user filters by price by setting '1000' value</div><div  class="teststeppass"><span class="teststeppass-label">T </span>And apply filter by user rating '4.0 & Above'</div><div  class="teststeppass"><span class="teststeppass-label">T </span>Then user applys filter</div><div style="display:block;margin-left:10px;"><div  class="teststeppass"><span class="teststeppass-label">T </span>click on 'hotel.search.btn.filter.apply'</div></div><div  class="teststeppass"><span class="teststeppass-label">T </span>When user scroll and select the '5' item from filter result page</div><div style="display:block;margin-left:10px;"><div  class="teststeppass"><span class="teststeppass-label">T </span>wait until 'hotel.list' to be present</div><div  class="teststeppass"><span class="teststeppass-label">T </span>get text of 'hotel.item.name'</div><div  class="teststeppass"><span class="teststeppass-label">T </span>get text of 'hotel.item.name'</div><div  class="teststeppass"><span class="teststeppass-label">T </span>get text of 'hotel.item.name'</div><div  class="teststeppass"><span class="teststeppass-label">T </span>get text of 'hotel.item.name'</div><div  class="teststeppass"><span class="teststeppass-label">T </span>get text of 'hotel.item.name'</div><div  class="teststeppass"><span class="teststeppass-label">T </span>get text of 'hotel.item.name'</div><div  class="teststeppass"><span class="teststeppass-label">T </span>click on 'hotel.item.name'</div></div><div  class="teststeppass"><span class="teststeppass-label">T </span>And capture the room details and click SELECT ROOM options</div><div style="display:block;margin-left:10px;"><div  class="teststeppass"><span class="teststeppass-label">T </span>get text of 'hotel.detail.txt.title'</div><div  class="teststeppass"><span class="teststeppass-label">T </span>wait until 'hotel.detail.btn.selectroom' to be visible</div><div  class="teststeppass"><span class="teststeppass-label">T </span>click on 'hotel.detail.btn.selectroom'</div><div  class="teststeppass"><span class="teststeppass-label">T </span>get text of 'hotel.room.category.detail.txt.name'</div><div  class="teststeppass"><span class="teststeppass-label">T </span>get text of 'hotel.room.category.detail.txt.discountedprice'</div><div  class="teststeppass"><span class="teststeppass-label">T </span>get text of 'hotel.room.category.detail.txt.originalprice'</div><div  class="teststeppass"><span class="teststeppass-label">T </span>click on 'hotel.detail.btn.continue'</div></div><div  class="teststeppass"><span class="teststeppass-label">T </span>And user fills traveller information</div><div style="display:block;margin-left:10px;"><div  class="teststeppass"><span class="teststeppass-label">T </span>click on 'guest.select.title'</div><div  class="teststeppass"><span class="teststeppass-label">T </span>sendKeys 'Nishith' into 'guest.input.first.name'</div><div  class="teststeppass"><span class="teststeppass-label">T </span>sendKeys 'Shah' into 'guest.input.last.name'</div><div  class="teststeppass"><span class="teststeppass-label">T </span>sendKeys '7069936462' into 'guest.input.mobile.no'</div></div><div  class="teststeppass"><span class="teststeppass-label">T </span>And selects two options from commonly requested option</div><div style="display:block;margin-left:10px;"><div  class="teststeppass"><span class="teststeppass-label">T </span>click on 'guest.btn.special.request.done'</div></div><div  class="teststeppass"><span class="teststeppass-label">T </span>And uncheck the donation checkbox</div><div  class="teststeppass"><span class="teststeppass-label">T </span>And click on PAY NOW option</div><div style="display:block;margin-left:10px;"><div  class="teststeppass"><span class="teststeppass-label">T </span>click on 'booking.btn.continue'</div></div><div  class="teststeppass"><span class="teststeppass-label">T </span>Then verify user should see booking summary page with correct requested data</div><div style="display:block;margin-left:10px;"><div  class="pass"><span class="pass-label">P </span>Expected By.id: tvHotelNameOnThankYouPage text should be ContainsIgnoringCase:Hotel Castle Comfort by Castle Hotels : Actual By.id: tvHotelNameOnThankYouPage text is Hotel Castle Comfort by Castle Hotels <a href="../img/HotelBookingFromMakeMyTripApplication_f6sb7sas9saj6987.png" target="_blank">[View Screenshot]</a> </div><div  class="pass"><span class="pass-label">P </span>Expected By.id: tvHotelAddressOnThankYouPage text should be ContainsIgnoringCase:Udaipur : Actual By.id: tvHotelAddressOnThankYouPage text is Udaipur, Rajasthan , India <a href="../img/HotelBookingFromMakeMyTripApplication_2g3ygvfj1z4u6988.png" target="_blank">[View Screenshot]</a> </div><div  class="teststeppass"><span class="teststeppass-label">T </span>click on 'booking.review.btn.expand.details'</div><div  class="pass"><span class="pass-label">P </span>Expected By.id: tvNumOfGuestOnThankYouPage text should be ContainsIgnoringCase:8 : Actual By.id: tvNumOfGuestOnThankYouPage text is 8 Guests <a href="../img/HotelBookingFromMakeMyTripApplication_msfwbac7zp066989.png" target="_blank">[View Screenshot]</a> </div><div  class="pass"><span class="pass-label">P </span>Expected By.id: tvTotalRoomsBookedOnThankYouPage text should be ContainsIgnoringCase:2 : Actual By.id: tvTotalRoomsBookedOnThankYouPage text is 2 Rooms <a href="../img/HotelBookingFromMakeMyTripApplication_2t6nvk90a2pg6990.png" target="_blank">[View Screenshot]</a> </div><div  class="pass"><span class="pass-label">P </span>Expected By.id: tvCheckInDateOnThankYouPage text should be ContainsIgnoringCase:31 : Actual By.id: tvCheckInDateOnThankYouPage text is 31 MAY, SUN <a href="../img/HotelBookingFromMakeMyTripApplication_856z9qsnx3x46991.png" target="_blank">[View Screenshot]</a> </div><div  class="pass"><span class="pass-label">P </span>Expected By.id: tvCheckOutDateOnThankYouPage text should be ContainsIgnoringCase:01 : Actual By.id: tvCheckOutDateOnThankYouPage text is 01 JUN, MON <a href="../img/HotelBookingFromMakeMyTripApplication_1s7oapbsgg99l6992.png" target="_blank">[View Screenshot]</a> </div></div></div>]]]>
              </value>
            </param>
          </params>
          <reporter-output>
          </reporter-output>
        </test-method> <!-- afterMethod -->
        <test-method status="PASS" signature="afterClass(org.testng.ITestContext)[pri:0, instance:com.qmetry.qaf.automation.step.client.DataDrivenScenario@3e8]" test-instance-name="Hotel booking from Make My Trip Application" name="afterClass" is-config="true" duration-ms="0" started-at="2020-05-31T17:29:43Z" finished-at="2020-05-31T17:29:43Z">
          <params>
            <param index="0">
              <value>
                <![CDATA[org.testng.TestRunner@527e5409]]>
              </value>
            </param>
          </params>
          <reporter-output>
          </reporter-output>
        </test-method> <!-- afterClass -->
        <test-method status="PASS" signature="afterTest(org.testng.ITestContext)[pri:0, instance:com.qmetry.qaf.automation.step.client.DataDrivenScenario@3e8]" test-instance-name="Hotel booking from Make My Trip Application" name="afterTest" is-config="true" duration-ms="775" started-at="2020-05-31T17:29:43Z" finished-at="2020-05-31T17:29:44Z">
          <params>
            <param index="0">
              <value>
                <![CDATA[org.testng.TestRunner@527e5409]]>
              </value>
            </param>
          </params>
          <reporter-output>
          </reporter-output>
        </test-method> <!-- afterTest -->
        <test-method status="PASS" signature="afterSuit(org.testng.ITestContext)[pri:0, instance:com.qmetry.qaf.automation.step.client.DataDrivenScenario@3e8]" test-instance-name="Hotel booking from Make My Trip Application" name="afterSuit" is-config="true" duration-ms="1" started-at="2020-05-31T17:29:44Z" finished-at="2020-05-31T17:29:44Z">
          <params>
            <param index="0">
              <value>
                <![CDATA[org.testng.TestRunner@527e5409]]>
              </value>
            </param>
          </params>
          <reporter-output>
          </reporter-output>
        </test-method> <!-- afterSuit -->
      </class> <!-- com.qmetry.qaf.automation.step.client.DataDrivenScenario -->
    </test> <!-- MakeMyTrip Test -->
  </suite> <!-- MakeMyTrip Suite -->
</testng-results>
