<?xml version="1.0" encoding="UTF-8"?>
<!-- Generated by org.testng.reporters.JUnitReportReporter -->
<testsuite name="com.qmetry.qaf.automation.step.client.DataDrivenScenario" tests="1" time="203.517" ignored="1" failures="0" timestamp="31 May 2020 12:49:17 GMT" skipped="0" hostname="ICPL13805.local" errors="0">
  <testcase name="Hotel booking from Make My Trip Application" time="203.517" classname="com.qmetry.qaf.automation.step.client.DataDrivenScenario"/>
  <testcase name="Hotel booking from Make My Trip Application" classname="com.qmetry.qaf.automation.step.client.DataDrivenScenario">
    <skipped/>
  </testcase> <!-- Hotel booking from Make My Trip Application -->
</testsuite> <!-- com.qmetry.qaf.automation.step.client.DataDrivenScenario -->
